<?xml version="1.0" encoding="UTF-8"?>
<robot generator="Robot 7.2.2 (Python 3.11.2 on darwin)" generated="2025-05-27T17:54:39.722197" rpa="false" schemaversion="5">
<suite id="s1" name="Tarefa5" source="/Users/tgouvea/Projects/Personal/Udemy/robotBasic/webTesting/amazon/project_2/tarefa5.robot">
<test id="s1-t1" name="Gerar e imprimir um e-mail customizado" line="13">
<kw name="Gerar Email Customizado">
<kw name="Generate Random String" owner="String">
<msg time="2025-05-27T17:54:40.056366" level="INFO">${PALAVRA_ALEATORIA} = WWOg53dT</msg>
<var>${PALAVRA_ALEATORIA}</var>
<arg>8</arg>
<doc>Generates a string with a desired ``length`` from the given ``chars``.</doc>
<status status="PASS" start="2025-05-27T17:54:40.056238" elapsed="0.000149"/>
</kw>
<kw name="Catenate" owner="BuiltIn">
<msg time="2025-05-27T17:54:40.056553" level="INFO">${EMAIL} = MayFernandesWWOg53dT@testerobot.com</msg>
<var>${EMAIL}</var>
<arg>SEPARATOR=</arg>
<arg>${NOME}</arg>
<arg>${SOBRENOME}</arg>
<arg>${PALAVRA_ALEATORIA}@testerobot.com</arg>
<doc>Catenates the given items together and returns the resulted string.</doc>
<status status="PASS" start="2025-05-27T17:54:40.056446" elapsed="0.000118"/>
</kw>
<return>
<value>${EMAIL}</value>
<status status="PASS" start="2025-05-27T17:54:40.056596" elapsed="0.000027"/>
</return>
<msg time="2025-05-27T17:54:40.056676" level="INFO">${EMAIL_GERADO} = MayFernandesWWOg53dT@testerobot.com</msg>
<var>${EMAIL_GERADO}</var>
<arg>May</arg>
<arg>Fernandes</arg>
<status status="PASS" start="2025-05-27T17:54:40.055783" elapsed="0.000905"/>
</kw>
<kw name="Log To Console" owner="BuiltIn">
<arg>${EMAIL_GERADO}</arg>
<doc>Logs the given message to the console.</doc>
<status status="PASS" start="2025-05-27T17:54:40.056762" elapsed="0.000078"/>
</kw>
<status status="PASS" start="2025-05-27T17:54:40.055450" elapsed="0.001446"/>
</test>
<status status="PASS" start="2025-05-27T17:54:39.722974" elapsed="0.334087"/>
</suite>
<statistics>
<total>
<stat pass="1" fail="0" skip="0">All Tests</stat>
</total>
<tag>
</tag>
<suite>
<stat name="Tarefa5" id="s1" pass="1" fail="0" skip="0">Tarefa5</stat>
</suite>
</statistics>
<errors>
<msg time="2025-05-27T17:54:39.720108" level="WARN">Error in file '/Users/tgouvea/Projects/Personal/Udemy/robotBasic/webTesting/amazon/project_2/tarefa5.robot' on line 33: The '[Return]' setting is deprecated. Use the 'RETURN' statement instead.</msg>
</errors>
</robot>
